woojoo-flutter-app/build/app/intermediates/manifest_merge_blame_file/debug/manifest-merger-blame-debug-report.txt
1<?xml version="1.0" encoding="utf-8"?>
2<manifest xmlns:android="http://schemas.android.com/apk/res/android"
3    package="com.woojoo.app"
4    android:versionCode="3016"
5    android:versionName="3.1.6" >
6
7    <uses-sdk
8        android:minSdkVersion="19"
9        android:targetSdkVersion="33" />
10    <!--
11         The INTERNET permission is required for development. Specifically,
12         the Flutter tool needs it to communicate with the running application
13         to allow setting breakpoints, to provide hot reload, etc.
14    -->
15    <uses-permission android:name="android.permission.INTERNET" />
15-->src/main/AndroidManifest.xml:3:5-67
15-->src/main/AndroidManifest.xml:3:22-64
16    <uses-permission android:name="android.permission.CAMERA" />
16-->src/main/AndroidManifest.xml:4:5-65
16-->src/main/AndroidManifest.xml:4:22-62
17    <uses-permission android:name="android.permission.READ_EXTERNAL_STORAGE" />
17-->src/main/AndroidManifest.xml:5:5-79
17-->src/main/AndroidManifest.xml:5:22-77
18    <uses-permission android:name="android.permission.FLASHLIGHT" />
18-->src/main/AndroidManifest.xml:6:5-69
18-->src/main/AndroidManifest.xml:6:22-66
19    <uses-permission android:name="android.permission.READ_CONTACTS" />
19-->src/main/AndroidManifest.xml:7:5-72
19-->src/main/AndroidManifest.xml:7:22-69
20    <uses-permission android:name="android.permission.RECEIVE_BOOT_COMPLETED" />
20-->src/main/AndroidManifest.xml:8:5-80
20-->src/main/AndroidManifest.xml:8:22-78
21    <uses-permission android:name="android.permission.VIBRATE" />
21-->src/main/AndroidManifest.xml:9:5-66
21-->src/main/AndroidManifest.xml:9:22-63
22    <uses-permission android:name="android.permission.WAKE_LOCK" />
22-->src/main/AndroidManifest.xml:10:5-68
22-->src/main/AndroidManifest.xml:10:22-65
23    <uses-permission android:name="android.permission.USE_FULL_SCREEN_INTENT" />
23-->src/main/AndroidManifest.xml:11:5-81
23-->src/main/AndroidManifest.xml:11:22-78
24    <uses-permission android:name="android.permission.ACCESS_NETWORK_STATE" /> <!-- Permissions options for the `notification` group -->
24-->[:firebase_messaging] AndroidManifest.xml:11:5-79
24-->[:firebase_messaging] AndroidManifest.xml:11:22-76
25    <uses-permission android:name="android.permission.POST_NOTIFICATIONS" />
25-->[:firebase_messaging] AndroidManifest.xml:13:5-77
25-->[:firebase_messaging] AndroidManifest.xml:13:22-74
26    <uses-permission android:name="android.permission.SCHEDULE_EXACT_ALARM" />
26-->[:flutter_local_notifications] AndroidManifest.xml:12:5-79
26-->[:flutter_local_notifications] AndroidManifest.xml:12:22-76
27
28    <queries>
28-->[:contacts_service] AndroidManifest.xml:9:5-22:15
29        <intent>
29-->[:contacts_service] AndroidManifest.xml:10:9-12:18
30            <action android:name="android.accounts.AccountAuthenticator" />
30-->[:contacts_service] AndroidManifest.xml:11:13-76
30-->[:contacts_service] AndroidManifest.xml:11:21-73
31        </intent>
32        <!-- Allows the app to load an icon corresponding to the custom MIME type. -->
33        <intent>
33-->[:contacts_service] AndroidManifest.xml:14:9-21:18
34            <action android:name="android.intent.action.VIEW" />
34-->[:contacts_service] AndroidManifest.xml:15:13-65
34-->[:contacts_service] AndroidManifest.xml:15:21-62
35
36            <data
36-->[:contacts_service] AndroidManifest.xml:17:13-20:44
37                android:host="com.android.contacts"
37-->[:contacts_service] AndroidManifest.xml:18:17-52
38                android:mimeType="vnd.android.cursor.item/*"
38-->[:contacts_service] AndroidManifest.xml:19:17-61
39                android:scheme="content" />
39-->[:contacts_service] AndroidManifest.xml:20:17-41
40        </intent>
41    </queries> <!-- Required by older versions of Google Play services to create IID tokens -->
42    <uses-permission android:name="com.google.android.c2dm.permission.RECEIVE" />
42-->[com.google.firebase:firebase-messaging:23.3.1] AndroidManifest.xml:26:5-82
42-->[com.google.firebase:firebase-messaging:23.3.1] AndroidManifest.xml:26:22-79
43    <uses-permission android:name="com.google.android.gms.permission.AD_ID" />
43-->[com.google.android.gms:play-services-measurement-api:21.5.0] AndroidManifest.xml:25:5-79
43-->[com.google.android.gms:play-services-measurement-api:21.5.0] AndroidManifest.xml:25:22-76
44    <uses-permission android:name="android.permission.ACCESS_ADSERVICES_ATTRIBUTION" />
44-->[com.google.android.gms:play-services-measurement-api:21.5.0] AndroidManifest.xml:26:5-88
44-->[com.google.android.gms:play-services-measurement-api:21.5.0] AndroidManifest.xml:26:22-85
45    <uses-permission android:name="android.permission.ACCESS_ADSERVICES_AD_ID" />
45-->[com.google.android.gms:play-services-measurement-api:21.5.0] AndroidManifest.xml:27:5-82
45-->[com.google.android.gms:play-services-measurement-api:21.5.0] AndroidManifest.xml:27:22-79
46    <uses-permission android:name="com.google.android.finsky.permission.BIND_GET_INSTALL_REFERRER_SERVICE" />
46-->[com.google.android.gms:play-services-measurement:21.5.0] AndroidManifest.xml:26:5-110
46-->[com.google.android.gms:play-services-measurement:21.5.0] AndroidManifest.xml:26:22-107
47
48    <permission
48-->[androidx.core:core:1.10.1] AndroidManifest.xml:22:5-24:47
49        android:name="com.woojoo.app.DYNAMIC_RECEIVER_NOT_EXPORTED_PERMISSION"
49-->[androidx.core:core:1.10.1] AndroidManifest.xml:23:9-81
50        android:protectionLevel="signature" />
50-->[androidx.core:core:1.10.1] AndroidManifest.xml:24:9-44
51
52    <uses-permission android:name="com.woojoo.app.DYNAMIC_RECEIVER_NOT_EXPORTED_PERMISSION" />
52-->[androidx.core:core:1.10.1] AndroidManifest.xml:26:5-97
52-->[androidx.core:core:1.10.1] AndroidManifest.xml:26:22-94
53
54    <application
55        android:name="android.app.Application"
56        android:appComponentFactory="androidx.core.app.CoreComponentFactory"
56-->[androidx.core:core:1.10.1] AndroidManifest.xml:28:18-86
57        android:debuggable="true"
58        android:icon="@mipmap/ic_launcher"
59        android:label="우주"
60        android:usesCleartextTraffic="true" >
61
62        <!-- android:networkSecurityConfig="@xml/network_security_config"> -->
63        <activity
64            android:name="com.woojoo.dor_app.MainActivity"
65            android:configChanges="orientation|keyboardHidden|keyboard|screenSize|smallestScreenSize|locale|layoutDirection|fontScale|screenLayout|density|uiMode"
66            android:exported="true"
67            android:hardwareAccelerated="true"
68            android:launchMode="singleTop"
69            android:showWhenLocked="true"
70            android:theme="@style/LaunchTheme"
71            android:turnScreenOn="true"
72            android:windowSoftInputMode="adjustResize" >
73
74            <!--
75                 Specifies an Android theme to apply to this Activity as soon as
76                 the Android process has started. This theme is visible to the user
77                 while the Flutter UI initializes. After that, this theme continues
78                 to determine the Window background behind the Flutter UI.
79            -->
80            <meta-data
81                android:name="io.flutter.embedding.android.NormalTheme"
82                android:resource="@style/NormalTheme" />
83
84            <intent-filter>
85                <action android:name="android.intent.action.MAIN" />
86
87                <category android:name="android.intent.category.LAUNCHER" />
88
89                <action android:name="FLUTTER_NOTIFICATION_CLICK" />
90
91                <category android:name="android.intent.category.DEFAULT" />
91-->[com.google.firebase:firebase-auth:22.2.0] AndroidManifest.xml:38:17-76
91-->[com.google.firebase:firebase-auth:22.2.0] AndroidManifest.xml:38:27-73
92            </intent-filter>
93        </activity>
94        <!--
95             Don't delete the meta-data below.
96             This is used by the Flutter tool to generate GeneratedPluginRegistrant.java
97        -->
98        <meta-data
99            android:name="flutterEmbedding"
100            android:value="2" />
101        <meta-data
102            android:name="com.google.firebase.messaging.default_notification_channel_id"
103            android:value="high_importance_channel" />
104
105        <service
105-->[:firebase_messaging] AndroidManifest.xml:16:9-19:72
106            android:name="io.flutter.plugins.firebase.messaging.FlutterFirebaseMessagingBackgroundService"
106-->[:firebase_messaging] AndroidManifest.xml:17:13-107
107            android:exported="false"
107-->[:firebase_messaging] AndroidManifest.xml:18:13-37
108            android:permission="android.permission.BIND_JOB_SERVICE" />
108-->[:firebase_messaging] AndroidManifest.xml:19:13-69
109        <service
109-->[:firebase_messaging] AndroidManifest.xml:20:9-26:19
110            android:name="io.flutter.plugins.firebase.messaging.FlutterFirebaseMessagingService"
110-->[:firebase_messaging] AndroidManifest.xml:21:13-97
111            android:exported="false" >
111-->[:firebase_messaging] AndroidManifest.xml:22:13-37
112            <intent-filter>
112-->[:firebase_messaging] AndroidManifest.xml:23:13-25:29
113                <action android:name="com.google.firebase.MESSAGING_EVENT" />
113-->[:firebase_messaging] AndroidManifest.xml:24:17-78
113-->[:firebase_messaging] AndroidManifest.xml:24:25-75
114            </intent-filter>
115        </service>
116
117        <receiver
117-->[:firebase_messaging] AndroidManifest.xml:28:9-35:20
118            android:name="io.flutter.plugins.firebase.messaging.FlutterFirebaseMessagingReceiver"
118-->[:firebase_messaging] AndroidManifest.xml:29:13-98
119            android:exported="true"
119-->[:firebase_messaging] AndroidManifest.xml:30:13-36
120            android:permission="com.google.android.c2dm.permission.SEND" >
120-->[:firebase_messaging] AndroidManifest.xml:31:13-73
121            <intent-filter>
121-->[:firebase_messaging] AndroidManifest.xml:32:13-34:29
122                <action android:name="com.google.android.c2dm.intent.RECEIVE" />
122-->[:firebase_messaging] AndroidManifest.xml:33:17-81
122-->[:firebase_messaging] AndroidManifest.xml:33:25-78
123            </intent-filter>
124        </receiver>
125
126        <service
126-->[:firebase_messaging] AndroidManifest.xml:37:9-41:19
127            android:name="com.google.firebase.components.ComponentDiscoveryService"
127-->[:firebase_messaging] AndroidManifest.xml:37:18-89
128            android:directBootAware="true"
128-->[com.google.firebase:firebase-common:20.4.2] AndroidManifest.xml:32:13-43
129            android:exported="false" >
129-->[com.google.firebase:firebase-analytics-ktx:21.5.0] AndroidManifest.xml:10:13-37
130            <meta-data
130-->[:firebase_messaging] AndroidManifest.xml:38:13-40:85
131                android:name="com.google.firebase.components:io.flutter.plugins.firebase.messaging.FlutterFirebaseAppRegistrar"
131-->[:firebase_messaging] AndroidManifest.xml:39:17-128
132                android:value="com.google.firebase.components.ComponentRegistrar" />
132-->[:firebase_messaging] AndroidManifest.xml:40:17-82
133            <meta-data
133-->[:firebase_core] AndroidManifest.xml:11:13-13:85
134                android:name="com.google.firebase.components:io.flutter.plugins.firebase.core.FlutterFirebaseCoreRegistrar"
134-->[:firebase_core] AndroidManifest.xml:12:17-124
135                android:value="com.google.firebase.components.ComponentRegistrar" />
135-->[:firebase_core] AndroidManifest.xml:13:17-82
136            <meta-data
136-->[com.google.firebase:firebase-analytics-ktx:21.5.0] AndroidManifest.xml:11:13-13:85
137                android:name="com.google.firebase.components:com.google.firebase.analytics.ktx.FirebaseAnalyticsLegacyRegistrar"
137-->[com.google.firebase:firebase-analytics-ktx:21.5.0] AndroidManifest.xml:12:17-129
138                android:value="com.google.firebase.components.ComponentRegistrar" />
138-->[com.google.firebase:firebase-analytics-ktx:21.5.0] AndroidManifest.xml:13:17-82
139            <meta-data
139-->[com.google.firebase:firebase-auth:22.2.0] AndroidManifest.xml:69:13-71:85
140                android:name="com.google.firebase.components:com.google.firebase.auth.FirebaseAuthRegistrar"
140-->[com.google.firebase:firebase-auth:22.2.0] AndroidManifest.xml:70:17-109
141                android:value="com.google.firebase.components.ComponentRegistrar" />
141-->[com.google.firebase:firebase-auth:22.2.0] AndroidManifest.xml:71:17-82
142            <meta-data
142-->[com.google.firebase:firebase-messaging:23.3.1] AndroidManifest.xml:57:13-59:85
143                android:name="com.google.firebase.components:com.google.firebase.messaging.FirebaseMessagingKtxRegistrar"
143-->[com.google.firebase:firebase-messaging:23.3.1] AndroidManifest.xml:58:17-122
144                android:value="com.google.firebase.components.ComponentRegistrar" />
144-->[com.google.firebase:firebase-messaging:23.3.1] AndroidManifest.xml:59:17-82
145            <meta-data
145-->[com.google.firebase:firebase-messaging:23.3.1] AndroidManifest.xml:60:13-62:85
146                android:name="com.google.firebase.components:com.google.firebase.messaging.FirebaseMessagingRegistrar"
146-->[com.google.firebase:firebase-messaging:23.3.1] AndroidManifest.xml:61:17-119
147                android:value="com.google.firebase.components.ComponentRegistrar" />
147-->[com.google.firebase:firebase-messaging:23.3.1] AndroidManifest.xml:62:17-82
148            <meta-data
148-->[com.google.android.gms:play-services-measurement-api:21.5.0] AndroidManifest.xml:37:13-39:85
149                android:name="com.google.firebase.components:com.google.firebase.analytics.connector.internal.AnalyticsConnectorRegistrar"
149-->[com.google.android.gms:play-services-measurement-api:21.5.0] AndroidManifest.xml:38:17-139
150                android:value="com.google.firebase.components.ComponentRegistrar" />
150-->[com.google.android.gms:play-services-measurement-api:21.5.0] AndroidManifest.xml:39:17-82
151            <meta-data
151-->[com.google.firebase:firebase-iid:21.1.0] AndroidManifest.xml:32:13-34:85
152                android:name="com.google.firebase.components:com.google.firebase.iid.Registrar"
152-->[com.google.firebase:firebase-iid:21.1.0] AndroidManifest.xml:33:17-96
153                android:value="com.google.firebase.components.ComponentRegistrar" />
153-->[com.google.firebase:firebase-iid:21.1.0] AndroidManifest.xml:34:17-82
154            <meta-data
154-->[com.google.firebase:firebase-installations:17.2.0] AndroidManifest.xml:15:13-17:85
155                android:name="com.google.firebase.components:com.google.firebase.installations.FirebaseInstallationsKtxRegistrar"
155-->[com.google.firebase:firebase-installations:17.2.0] AndroidManifest.xml:16:17-130
156                android:value="com.google.firebase.components.ComponentRegistrar" />
156-->[com.google.firebase:firebase-installations:17.2.0] AndroidManifest.xml:17:17-82
157            <meta-data
157-->[com.google.firebase:firebase-installations:17.2.0] AndroidManifest.xml:18:13-20:85
158                android:name="com.google.firebase.components:com.google.firebase.installations.FirebaseInstallationsRegistrar"
158-->[com.google.firebase:firebase-installations:17.2.0] AndroidManifest.xml:19:17-127
159                android:value="com.google.firebase.components.ComponentRegistrar" />
159-->[com.google.firebase:firebase-installations:17.2.0] AndroidManifest.xml:20:17-82
160            <meta-data
160-->[com.google.firebase:firebase-common-ktx:20.4.2] AndroidManifest.xml:12:13-14:85
161                android:name="com.google.firebase.components:com.google.firebase.ktx.FirebaseCommonLegacyRegistrar"
161-->[com.google.firebase:firebase-common-ktx:20.4.2] AndroidManifest.xml:13:17-116
162                android:value="com.google.firebase.components.ComponentRegistrar" />
162-->[com.google.firebase:firebase-common-ktx:20.4.2] AndroidManifest.xml:14:17-82
163            <meta-data
163-->[com.google.firebase:firebase-common:20.4.2] AndroidManifest.xml:35:13-37:85
164                android:name="com.google.firebase.components:com.google.firebase.FirebaseCommonKtxRegistrar"
164-->[com.google.firebase:firebase-common:20.4.2] AndroidManifest.xml:36:17-109
165                android:value="com.google.firebase.components.ComponentRegistrar" />
165-->[com.google.firebase:firebase-common:20.4.2] AndroidManifest.xml:37:17-82
166            <meta-data
166-->[com.google.firebase:firebase-datatransport:18.1.7] AndroidManifest.xml:27:13-29:85
167                android:name="com.google.firebase.components:com.google.firebase.datatransport.TransportRegistrar"
167-->[com.google.firebase:firebase-datatransport:18.1.7] AndroidManifest.xml:28:17-115
168                android:value="com.google.firebase.components.ComponentRegistrar" />
168-->[com.google.firebase:firebase-datatransport:18.1.7] AndroidManifest.xml:29:17-82
169        </service>
170
171        <provider
171-->[:firebase_messaging] AndroidManifest.xml:43:9-47:38
172            android:name="io.flutter.plugins.firebase.messaging.FlutterFirebaseMessagingInitProvider"
172-->[:firebase_messaging] AndroidManifest.xml:44:13-102
173            android:authorities="com.woojoo.app.flutterfirebasemessaginginitprovider"
173-->[:firebase_messaging] AndroidManifest.xml:45:13-88
174            android:exported="false"
174-->[:firebase_messaging] AndroidManifest.xml:46:13-37
175            android:initOrder="99" />
175-->[:firebase_messaging] AndroidManifest.xml:47:13-35
176        <provider
176-->[:image_picker_android] AndroidManifest.xml:10:9-18:20
177            android:name="io.flutter.plugins.imagepicker.ImagePickerFileProvider"
177-->[:image_picker_android] AndroidManifest.xml:11:13-82
178            android:authorities="com.woojoo.app.flutter.image_provider"
178-->[:image_picker_android] AndroidManifest.xml:12:13-74
179            android:exported="false"
179-->[:image_picker_android] AndroidManifest.xml:13:13-37
180            android:grantUriPermissions="true" >
180-->[:image_picker_android] AndroidManifest.xml:14:13-47
181            <meta-data
181-->[:image_picker_android] AndroidManifest.xml:15:13-17:75
182                android:name="android.support.FILE_PROVIDER_PATHS"
182-->[:image_picker_android] AndroidManifest.xml:16:17-67
183                android:resource="@xml/flutter_image_picker_file_paths" />
183-->[:image_picker_android] AndroidManifest.xml:17:17-72
184        </provider>
185
186        <receiver
186-->[:flutter_local_notifications] AndroidManifest.xml:16:9-18:40
187            android:name="com.dexterous.flutterlocalnotifications.ScheduledNotificationReceiver"
187-->[:flutter_local_notifications] AndroidManifest.xml:17:13-97
188            android:exported="false" />
188-->[:flutter_local_notifications] AndroidManifest.xml:18:13-37
189        <receiver
189-->[:flutter_local_notifications] AndroidManifest.xml:19:9-28:20
190            android:name="com.dexterous.flutterlocalnotifications.ScheduledNotificationBootReceiver"
190-->[:flutter_local_notifications] AndroidManifest.xml:20:13-101
191            android:exported="false" >
191-->[:flutter_local_notifications] AndroidManifest.xml:21:13-37
192            <intent-filter>
192-->[:flutter_local_notifications] AndroidManifest.xml:22:13-27:29
193                <action android:name="android.intent.action.BOOT_COMPLETED" />
193-->[:flutter_local_notifications] AndroidManifest.xml:23:17-79
193-->[:flutter_local_notifications] AndroidManifest.xml:23:25-76
194                <action android:name="android.intent.action.MY_PACKAGE_REPLACED" />
194-->[:flutter_local_notifications] AndroidManifest.xml:24:17-84
194-->[:flutter_local_notifications] AndroidManifest.xml:24:25-81
195                <action android:name="android.intent.action.QUICKBOOT_POWERON" />
195-->[:flutter_local_notifications] AndroidManifest.xml:25:17-82
195-->[:flutter_local_notifications] AndroidManifest.xml:25:25-79
196                <action android:name="com.htc.intent.action.QUICKBOOT_POWERON" />
196-->[:flutter_local_notifications] AndroidManifest.xml:26:17-82
196-->[:flutter_local_notifications] AndroidManifest.xml:26:25-79
197            </intent-filter>
198        </receiver>
199
200        <activity
200-->[:url_launcher_android] AndroidManifest.xml:10:9-13:74
201            android:name="io.flutter.plugins.urllauncher.WebViewActivity"
201-->[:url_launcher_android] AndroidManifest.xml:11:13-74
202            android:exported="false"
202-->[:url_launcher_android] AndroidManifest.xml:12:13-37
203            android:theme="@android:style/Theme.NoTitleBar.Fullscreen" />
203-->[:url_launcher_android] AndroidManifest.xml:13:13-71
204        <activity
204-->[com.google.firebase:firebase-auth:22.2.0] AndroidManifest.xml:29:9-46:20
205            android:name="com.google.firebase.auth.internal.GenericIdpActivity"
205-->[com.google.firebase:firebase-auth:22.2.0] AndroidManifest.xml:30:13-80
206            android:excludeFromRecents="true"
206-->[com.google.firebase:firebase-auth:22.2.0] AndroidManifest.xml:31:13-46
207            android:exported="true"
207-->[com.google.firebase:firebase-auth:22.2.0] AndroidManifest.xml:32:13-36
208            android:launchMode="singleTask"
208-->[com.google.firebase:firebase-auth:22.2.0] AndroidManifest.xml:33:13-44
209            android:theme="@android:style/Theme.Translucent.NoTitleBar" >
209-->[com.google.firebase:firebase-auth:22.2.0] AndroidManifest.xml:34:13-72
210            <intent-filter>
210-->[com.google.firebase:firebase-auth:22.2.0] AndroidManifest.xml:35:13-45:29
211                <action android:name="android.intent.action.VIEW" />
211-->[:contacts_service] AndroidManifest.xml:15:13-65
211-->[:contacts_service] AndroidManifest.xml:15:21-62
212
213                <category android:name="android.intent.category.DEFAULT" />
213-->[com.google.firebase:firebase-auth:22.2.0] AndroidManifest.xml:38:17-76
213-->[com.google.firebase:firebase-auth:22.2.0] AndroidManifest.xml:38:27-73
214                <category android:name="android.intent.category.BROWSABLE" />
214-->[com.google.firebase:firebase-auth:22.2.0] AndroidManifest.xml:39:17-78
214-->[com.google.firebase:firebase-auth:22.2.0] AndroidManifest.xml:39:27-75
215
216                <data
216-->[:contacts_service] AndroidManifest.xml:17:13-20:44
217                    android:host="firebase.auth"
217-->[:contacts_service] AndroidManifest.xml:18:17-52
218                    android:path="/"
219                    android:scheme="genericidp" />
219-->[:contacts_service] AndroidManifest.xml:20:17-41
220            </intent-filter>
221        </activity>
222        <activity
222-->[com.google.firebase:firebase-auth:22.2.0] AndroidManifest.xml:47:9-64:20
223            android:name="com.google.firebase.auth.internal.RecaptchaActivity"
223-->[com.google.firebase:firebase-auth:22.2.0] AndroidManifest.xml:48:13-79
224            android:excludeFromRecents="true"
224-->[com.google.firebase:firebase-auth:22.2.0] AndroidManifest.xml:49:13-46
225            android:exported="true"
225-->[com.google.firebase:firebase-auth:22.2.0] AndroidManifest.xml:50:13-36
226            android:launchMode="singleTask"
226-->[com.google.firebase:firebase-auth:22.2.0] AndroidManifest.xml:51:13-44
227            android:theme="@android:style/Theme.Translucent.NoTitleBar" >
227-->[com.google.firebase:firebase-auth:22.2.0] AndroidManifest.xml:52:13-72
228            <intent-filter>
228-->[com.google.firebase:firebase-auth:22.2.0] AndroidManifest.xml:53:13-63:29
229                <action android:name="android.intent.action.VIEW" />
229-->[:contacts_service] AndroidManifest.xml:15:13-65
229-->[:contacts_service] AndroidManifest.xml:15:21-62
230
231                <category android:name="android.intent.category.DEFAULT" />
231-->[com.google.firebase:firebase-auth:22.2.0] AndroidManifest.xml:38:17-76
231-->[com.google.firebase:firebase-auth:22.2.0] AndroidManifest.xml:38:27-73
232                <category android:name="android.intent.category.BROWSABLE" />
232-->[com.google.firebase:firebase-auth:22.2.0] AndroidManifest.xml:39:17-78
232-->[com.google.firebase:firebase-auth:22.2.0] AndroidManifest.xml:39:27-75
233
234                <data
234-->[:contacts_service] AndroidManifest.xml:17:13-20:44
235                    android:host="firebase.auth"
235-->[:contacts_service] AndroidManifest.xml:18:17-52
236                    android:path="/"
237                    android:scheme="recaptcha" />
237-->[:contacts_service] AndroidManifest.xml:20:17-41
238            </intent-filter>
239        </activity>
240
241        <receiver
241-->[com.google.firebase:firebase-messaging:23.3.1] AndroidManifest.xml:29:9-40:20
242            android:name="com.google.firebase.iid.FirebaseInstanceIdReceiver"
242-->[com.google.firebase:firebase-messaging:23.3.1] AndroidManifest.xml:30:13-78
243            android:exported="true"
243-->[com.google.firebase:firebase-messaging:23.3.1] AndroidManifest.xml:31:13-36
244            android:permission="com.google.android.c2dm.permission.SEND" >
244-->[com.google.firebase:firebase-messaging:23.3.1] AndroidManifest.xml:32:13-73
245            <intent-filter>
245-->[:firebase_messaging] AndroidManifest.xml:32:13-34:29
246                <action android:name="com.google.android.c2dm.intent.RECEIVE" />
246-->[:firebase_messaging] AndroidManifest.xml:33:17-81
246-->[:firebase_messaging] AndroidManifest.xml:33:25-78
247            </intent-filter>
248
249            <meta-data
249-->[com.google.firebase:firebase-messaging:23.3.1] AndroidManifest.xml:37:13-39:40
250                android:name="com.google.android.gms.cloudmessaging.FINISHED_AFTER_HANDLED"
250-->[com.google.firebase:firebase-messaging:23.3.1] AndroidManifest.xml:38:17-92
251                android:value="true" />
251-->[com.google.firebase:firebase-messaging:23.3.1] AndroidManifest.xml:39:17-37
252        </receiver>
253        <!--
254             FirebaseMessagingService performs security checks at runtime,
255             but set to not exported to explicitly avoid allowing another app to call it.
256        -->
257        <service
257-->[com.google.firebase:firebase-messaging:23.3.1] AndroidManifest.xml:46:9-53:19
258            android:name="com.google.firebase.messaging.FirebaseMessagingService"
258-->[com.google.firebase:firebase-messaging:23.3.1] AndroidManifest.xml:47:13-82
259            android:directBootAware="true"
259-->[com.google.firebase:firebase-messaging:23.3.1] AndroidManifest.xml:48:13-43
260            android:exported="false" >
260-->[com.google.firebase:firebase-messaging:23.3.1] AndroidManifest.xml:49:13-37
261            <intent-filter android:priority="-500" >
261-->[:firebase_messaging] AndroidManifest.xml:23:13-25:29
262                <action android:name="com.google.firebase.MESSAGING_EVENT" />
262-->[:firebase_messaging] AndroidManifest.xml:24:17-78
262-->[:firebase_messaging] AndroidManifest.xml:24:25-75
263            </intent-filter>
264        </service>
265
266        <property
266-->[com.google.android.gms:play-services-measurement-api:21.5.0] AndroidManifest.xml:30:9-32:61
267            android:name="android.adservices.AD_SERVICES_CONFIG"
267-->[com.google.android.gms:play-services-measurement-api:21.5.0] AndroidManifest.xml:31:13-65
268            android:resource="@xml/ga_ad_services_config" />
268-->[com.google.android.gms:play-services-measurement-api:21.5.0] AndroidManifest.xml:32:13-58
269
270        <provider
270-->[com.google.firebase:firebase-common:20.4.2] AndroidManifest.xml:23:9-28:39
271            android:name="com.google.firebase.provider.FirebaseInitProvider"
271-->[com.google.firebase:firebase-common:20.4.2] AndroidManifest.xml:24:13-77
272            android:authorities="com.woojoo.app.firebaseinitprovider"
272-->[com.google.firebase:firebase-common:20.4.2] AndroidManifest.xml:25:13-72
273            android:directBootAware="true"
273-->[com.google.firebase:firebase-common:20.4.2] AndroidManifest.xml:26:13-43
274            android:exported="false"
274-->[com.google.firebase:firebase-common:20.4.2] AndroidManifest.xml:27:13-37
275            android:initOrder="100" />
275-->[com.google.firebase:firebase-common:20.4.2] AndroidManifest.xml:28:13-36
276
277        <activity
277-->[com.google.android.gms:play-services-auth:20.4.0] AndroidManifest.xml:23:9-27:75
278            android:name="com.google.android.gms.auth.api.signin.internal.SignInHubActivity"
278-->[com.google.android.gms:play-services-auth:20.4.0] AndroidManifest.xml:24:13-93
279            android:excludeFromRecents="true"
279-->[com.google.android.gms:play-services-auth:20.4.0] AndroidManifest.xml:25:13-46
280            android:exported="false"
280-->[com.google.android.gms:play-services-auth:20.4.0] AndroidManifest.xml:26:13-37
281            android:theme="@android:style/Theme.Translucent.NoTitleBar" />
281-->[com.google.android.gms:play-services-auth:20.4.0] AndroidManifest.xml:27:13-72
282        <!--
283            Service handling Google Sign-In user revocation. For apps that do not integrate with
284            Google Sign-In, this service will never be started.
285        -->
286        <service
286-->[com.google.android.gms:play-services-auth:20.4.0] AndroidManifest.xml:33:9-37:51
287            android:name="com.google.android.gms.auth.api.signin.RevocationBoundService"
287-->[com.google.android.gms:play-services-auth:20.4.0] AndroidManifest.xml:34:13-89
288            android:exported="true"
288-->[com.google.android.gms:play-services-auth:20.4.0] AndroidManifest.xml:35:13-36
289            android:permission="com.google.android.gms.auth.api.signin.permission.REVOCATION_NOTIFICATION"
289-->[com.google.android.gms:play-services-auth:20.4.0] AndroidManifest.xml:36:13-107
290            android:visibleToInstantApps="true" />